1731673322443|5|statement|select * from information_schema.sequences
1731673322463|7|statement|create table address (address_id bigserial not null, city varchar(255), country varchar(255), primary key (address_id))
1731673322467|2|statement|create table address_parties (address_address_id bigint not null, parties_party_id bigint not null, primary key (address_address_id, parties_party_id))
1731673322469|1|statement|create table address_users (address_address_id bigint not null, users_user_id bigint not null, primary key (address_address_id, users_user_id))
1731673322472|2|statement|create table commentaries (commentary_id bigserial not null, commentary varchar(255), note integer, author_id bigint not null, user_id bigint not null, primary key (commentary_id))
1731673322474|1|statement|create table interests (user_id bigint not null, type_party_id bigint not null, primary key (user_id, type_party_id))
1731673322476|2|statement|create table need_for_party (type_provision_id bigint not null, party_id bigint not null, primary key (type_provision_id, party_id))
1731673322479|2|statement|create table participate (participate_id bigserial not null, organiser boolean, validation boolean, party_id bigint, user_id bigint, primary key (participate_id))
1731673322484|3|statement|create table party (party_id bigserial not null, date timestamp(6), name varchar(255), number_max_participate integer, price float4, publish boolean, street varchar(255), address_id bigint, type_party_id bigint, primary key (party_id))
1731673322487|2|statement|create table party_participates (party_party_id bigint not null, participates_participate_id bigint not null, primary key (party_party_id, participates_participate_id))
1731673322489|2|statement|create table provisions (provision_id bigserial not null, provision varchar(255), party_id bigint, type_provision_id bigint, user_id bigint, primary key (provision_id))
1731673322493|2|statement|create table type_party (type_party_id bigserial not null, name varchar(255), primary key (type_party_id))
1731673322495|2|statement|create table type_party_parties (type_party_type_party_id bigint not null, parties_party_id bigint not null, primary key (type_party_type_party_id, parties_party_id))
1731673322498|2|statement|create table type_provision (type_provision_id bigserial not null, name varchar(255), primary key (type_provision_id))
1731673322500|1|statement|create table type_provision_provisions (type_provision_type_provision_id bigint not null, provisions_provision_id bigint not null, primary key (type_provision_type_provision_id, provisions_provision_id))
1731673322505|4|statement|create table users (user_id bigserial not null, area varchar(255), city varchar(255), email varchar(255), family_name varchar(255), name varchar(255), password_hash varchar(255), password_salt varchar(255), username varchar(255), address_id bigint, primary key (user_id))
1731673322507|2|statement|create table users_participates (users_user_id bigint not null, participates_participate_id bigint not null, primary key (users_user_id, participates_participate_id))
1731673322509|2|statement|create table users_provisions (users_user_id bigint not null, provisions_provision_id bigint not null, primary key (users_user_id, provisions_provision_id))
1731673322512|1|statement|alter table if exists address_parties drop constraint if exists UK_a3orh7mg46ss9m75y6d9m5akd
1731673322514|1|statement|alter table if exists address_parties add constraint UK_a3orh7mg46ss9m75y6d9m5akd unique (parties_party_id)
1731673322514|0|statement|alter table if exists address_users drop constraint if exists UK_bym5d31asdao6kyquicjj8c2i
1731673322516|2|statement|alter table if exists address_users add constraint UK_bym5d31asdao6kyquicjj8c2i unique (users_user_id)
1731673322516|0|statement|alter table if exists party_participates drop constraint if exists UK_1vss7dlcminyp6a0dlsxspj23
1731673322519|1|statement|alter table if exists party_participates add constraint UK_1vss7dlcminyp6a0dlsxspj23 unique (participates_participate_id)
1731673322519|0|statement|alter table if exists type_party_parties drop constraint if exists UK_obi8pl1gva6f9mr6iieyyusfr
1731673322521|1|statement|alter table if exists type_party_parties add constraint UK_obi8pl1gva6f9mr6iieyyusfr unique (parties_party_id)
1731673322522|0|statement|alter table if exists type_provision_provisions drop constraint if exists UK_amrmoh8ivdlodr9sut4d0kiw5
1731673322524|1|statement|alter table if exists type_provision_provisions add constraint UK_amrmoh8ivdlodr9sut4d0kiw5 unique (provisions_provision_id)
1731673322524|0|statement|alter table if exists users_participates drop constraint if exists UK_4hm4lxgnuk0ckvlw3t7vw8xad
1731673322527|2|statement|alter table if exists users_participates add constraint UK_4hm4lxgnuk0ckvlw3t7vw8xad unique (participates_participate_id)
1731673322527|0|statement|alter table if exists users_provisions drop constraint if exists UK_c83imx0tsawmodi0i72hiu76n
1731673322529|1|statement|alter table if exists users_provisions add constraint UK_c83imx0tsawmodi0i72hiu76n unique (provisions_provision_id)
1731673322532|2|statement|alter table if exists address_parties add constraint FKf2r9113tikpr902ixskw633o8 foreign key (parties_party_id) references party
1731673322533|0|statement|alter table if exists address_parties add constraint FKlg73lirdlycxrf0nknkc2u9c6 foreign key (address_address_id) references address
1731673322534|1|statement|alter table if exists address_users add constraint FKfvnpf8lhorq32umvvar61uc1v foreign key (users_user_id) references users
1731673322535|0|statement|alter table if exists address_users add constraint FKs3t7nnsc93i0po7ayk188afvp foreign key (address_address_id) references address
1731673322536|0|statement|alter table if exists commentaries add constraint FKmqblrvnixyfs2sowkqdho5gtv foreign key (author_id) references users
1731673322536|0|statement|alter table if exists commentaries add constraint FK4w16kqj6nkij4kgohharsbmhq foreign key (user_id) references users
1731673322539|1|statement|alter table if exists interests add constraint FKcpuo6bjfw650v0vsw7eo0akdq foreign key (type_party_id) references type_party
1731673322540|0|statement|alter table if exists interests add constraint FKq9kr60l7n7h3yf82s44rkoe4g foreign key (user_id) references users
1731673322541|1|statement|alter table if exists need_for_party add constraint FKq5sxe37ywn20f562f3x4ox8i2 foreign key (party_id) references party
1731673322542|0|statement|alter table if exists need_for_party add constraint FKa7l7iqbx6jv3atqg711l4skog foreign key (type_provision_id) references type_provision
1731673322543|1|statement|alter table if exists participate add constraint FKfwj4mk1egsivqbtpyqr8mxj7w foreign key (party_id) references party
1731673322544|0|statement|alter table if exists participate add constraint FK9a9rfw7ta48w3s5t6unrbx4hb foreign key (user_id) references users
1731673322545|1|statement|alter table if exists party add constraint FKr3xd5httl0gqasj69pcxv5lf7 foreign key (address_id) references address
1731673322546|0|statement|alter table if exists party add constraint FKps57ooh3ylfkaperh7qewfruc foreign key (type_party_id) references type_party
1731673322547|1|statement|alter table if exists party_participates add constraint FKnoo755naeksg2msmxp3j2rxyr foreign key (participates_participate_id) references participate
1731673322548|0|statement|alter table if exists party_participates add constraint FKl7v9wh20qh9i8bxa27t9pb1qs foreign key (party_party_id) references party
1731673322549|0|statement|alter table if exists provisions add constraint FK7sknr4o2knscsosg9ikpm962h foreign key (party_id) references party
1731673322549|0|statement|alter table if exists provisions add constraint FK6by31ui332fe0fkjt8mkq9y1u foreign key (type_provision_id) references type_provision
1731673322554|1|statement|alter table if exists provisions add constraint FKm4bloxkrlymru3bctqtqhtsy2 foreign key (user_id) references users
1731673322555|1|statement|alter table if exists type_party_parties add constraint FK76q9ijor5ybdy6b3tbo28pfds foreign key (parties_party_id) references party
1731673322556|0|statement|alter table if exists type_party_parties add constraint FK5w4imeavv08x3ymjxeedeg3jf foreign key (type_party_type_party_id) references type_party
1731673322556|1|statement|alter table if exists type_provision_provisions add constraint FK1u09l999v9ofok0e0ffqeb2wx foreign key (provisions_provision_id) references provisions
1731673322558|0|statement|alter table if exists type_provision_provisions add constraint FKt1uymac3gbt7p7rtlfm81x9xh foreign key (type_provision_type_provision_id) references type_provision
1731673322559|0|statement|alter table if exists users add constraint FKditu6lr4ek16tkxtdsne0gxib foreign key (address_id) references address
1731673322561|1|statement|alter table if exists users_participates add constraint FKqlybh25kkrw85qcag9f77oqe7 foreign key (participates_participate_id) references participate
1731673322562|0|statement|alter table if exists users_participates add constraint FKldobb5jrt3yngxg8fk53yvonk foreign key (users_user_id) references users
1731673322563|1|statement|alter table if exists users_provisions add constraint FK4dgbfj7r3qs5518jcgwomumwd foreign key (provisions_provision_id) references provisions
1731673322564|0|statement|alter table if exists users_provisions add constraint FKig3tbff3f44fkb63uuubbdiib foreign key (users_user_id) references users
1731674279085|4|statement|select * from information_schema.sequences
1731674279104|7|statement|create table address (address_id bigserial not null, city varchar(255), country varchar(255), party_id bigint, user_id bigint, primary key (address_id))
1731674279106|2|statement|create table commentaries (commentary_id bigserial not null, commentary varchar(255), note integer, author_id bigint not null, user_id bigint not null, primary key (commentary_id))
1731674279109|2|statement|create table interests (user_id bigint not null, type_party_id bigint not null, primary key (user_id, type_party_id))
1731674279111|2|statement|create table need_for_party (type_provision_id bigint not null, party_id bigint not null, primary key (type_provision_id, party_id))
1731674279114|2|statement|create table participate (participate_id bigserial not null, organiser boolean, validation boolean, party_id bigint, user_id bigint, primary key (participate_id))
1731674279119|4|statement|create table party (party_id bigserial not null, date timestamp(6), name varchar(255), number_max_participate integer, price float4, publish boolean, street varchar(255), address_id bigint, participate_id bigint, type_party_id bigint, primary key (party_id))
1731674279122|2|statement|create table provisions (provision_id bigserial not null, provision varchar(255), party_id bigint, type_provision_id bigint, user_id bigint, primary key (provision_id))
1731674279125|2|statement|create table type_party (type_party_id bigserial not null, name varchar(255), party_id bigint, primary key (type_party_id))
1731674279128|2|statement|create table type_provision (type_provision_id bigserial not null, name varchar(255), provision_id bigint, primary key (type_provision_id))
1731674279132|3|statement|create table users (user_id bigserial not null, area varchar(255), city varchar(255), email varchar(255), family_name varchar(255), name varchar(255), password_hash varchar(255), password_salt varchar(255), username varchar(255), address_id bigint, participate_id bigint, provision_id bigint, primary key (user_id))
1731674279134|1|statement|alter table if exists address drop constraint if exists UK_ru96g8lbys2lxyrpldylw9k03
1731674279138|2|statement|alter table if exists address add constraint UK_ru96g8lbys2lxyrpldylw9k03 unique (party_id)
1731674279138|0|statement|alter table if exists address drop constraint if exists UK_7rod8a71yep5vxasb0ms3osbg
1731674279141|2|statement|alter table if exists address add constraint UK_7rod8a71yep5vxasb0ms3osbg unique (user_id)
1731674279142|0|statement|alter table if exists party drop constraint if exists UK_39cusk71kkmi2mwkdlwv1909c
1731674279144|1|statement|alter table if exists party add constraint UK_39cusk71kkmi2mwkdlwv1909c unique (participate_id)
1731674279144|0|statement|alter table if exists type_party drop constraint if exists UK_2qvyqsr0el4m3yc1t8q77wy33
1731674279147|2|statement|alter table if exists type_party add constraint UK_2qvyqsr0el4m3yc1t8q77wy33 unique (party_id)
1731674279148|0|statement|alter table if exists type_provision drop constraint if exists UK_j55di945c6ppcu68lbag6oxyq
1731674279150|1|statement|alter table if exists type_provision add constraint UK_j55di945c6ppcu68lbag6oxyq unique (provision_id)
1731674279150|0|statement|alter table if exists users drop constraint if exists UK_om7asoynfbmog8l8cw2k06iai
1731674279153|2|statement|alter table if exists users add constraint UK_om7asoynfbmog8l8cw2k06iai unique (participate_id)
1731674279153|0|statement|alter table if exists users drop constraint if exists UK_h0t3rup8x4de3psalfpj759u6
1731674279158|3|statement|alter table if exists users add constraint UK_h0t3rup8x4de3psalfpj759u6 unique (provision_id)
1731674279161|2|statement|alter table if exists address add constraint FK4htuy4lqyfyd7vauv2wlto7qd foreign key (party_id) references party
1731674279162|1|statement|alter table if exists address add constraint FK6i66ijb8twgcqtetl8eeeed6v foreign key (user_id) references users
1731674279164|1|statement|alter table if exists commentaries add constraint FKmqblrvnixyfs2sowkqdho5gtv foreign key (author_id) references users
1731674279164|0|statement|alter table if exists commentaries add constraint FK4w16kqj6nkij4kgohharsbmhq foreign key (user_id) references users
1731674279167|1|statement|alter table if exists interests add constraint FKcpuo6bjfw650v0vsw7eo0akdq foreign key (type_party_id) references type_party
1731674279168|0|statement|alter table if exists interests add constraint FKq9kr60l7n7h3yf82s44rkoe4g foreign key (user_id) references users
1731674279169|1|statement|alter table if exists need_for_party add constraint FKq5sxe37ywn20f562f3x4ox8i2 foreign key (party_id) references party
1731674279170|0|statement|alter table if exists need_for_party add constraint FKa7l7iqbx6jv3atqg711l4skog foreign key (type_provision_id) references type_provision
1731674279171|0|statement|alter table if exists participate add constraint FKfwj4mk1egsivqbtpyqr8mxj7w foreign key (party_id) references party
1731674279171|0|statement|alter table if exists participate add constraint FK9a9rfw7ta48w3s5t6unrbx4hb foreign key (user_id) references users
1731674279172|0|statement|alter table if exists party add constraint FKr3xd5httl0gqasj69pcxv5lf7 foreign key (address_id) references address
1731674279173|0|statement|alter table if exists party add constraint FKpfpqtfenfql7rg7wm01fw5xl1 foreign key (participate_id) references participate
1731674279174|1|statement|alter table if exists party add constraint FKps57ooh3ylfkaperh7qewfruc foreign key (type_party_id) references type_party
1731674279175|1|statement|alter table if exists provisions add constraint FK7sknr4o2knscsosg9ikpm962h foreign key (party_id) references party
1731674279176|0|statement|alter table if exists provisions add constraint FK6by31ui332fe0fkjt8mkq9y1u foreign key (type_provision_id) references type_provision
1731674279177|0|statement|alter table if exists provisions add constraint FKm4bloxkrlymru3bctqtqhtsy2 foreign key (user_id) references users
1731674279177|0|statement|alter table if exists type_party add constraint FKxk44joikl74sji5j7eui4hxo foreign key (party_id) references party
1731674279179|0|statement|alter table if exists type_provision add constraint FK8wcpmwhlxcwgcyv7tqdpt08rh foreign key (provision_id) references provisions
1731674279179|0|statement|alter table if exists users add constraint FKditu6lr4ek16tkxtdsne0gxib foreign key (address_id) references address
1731674279180|0|statement|alter table if exists users add constraint FKqd7sjtylagbxuj6mosleb4h8k foreign key (participate_id) references participate
1731674279180|0|statement|alter table if exists users add constraint FKpfovnpx9euecoybyf0ncowcc6 foreign key (provision_id) references provisions
1731674560331|6|statement|select * from information_schema.sequences
1731674560355|8|statement|create table address (address_id bigserial not null, city varchar(255), country varchar(255), primary key (address_id))
1731674560359|3|statement|create table commentaries (commentary_id bigserial not null, commentary varchar(255), note integer, author_id bigint not null, user_id bigint not null, primary key (commentary_id))
1731674560362|2|statement|create table interests (user_id bigint not null, type_party_id bigint not null, primary key (user_id, type_party_id))
1731674560364|1|statement|create table need_for_party (type_provision_id bigint not null, party_id bigint not null, primary key (type_provision_id, party_id))
1731674560367|2|statement|create table participate (participate_id bigserial not null, organiser boolean, validation boolean, party_id bigint, user_id bigint, primary key (participate_id))
1731674560372|3|statement|create table party (party_id bigserial not null, date timestamp(6), name varchar(255), number_max_participate integer, price float4, publish boolean, street varchar(255), address_id bigint, type_party_id bigint, primary key (party_id))
1731674560375|2|statement|create table provisions (provision_id bigserial not null, provision varchar(255), party_id bigint, type_provision_id bigint, user_id bigint, primary key (provision_id))
1731674560378|2|statement|create table type_party (type_party_id bigserial not null, name varchar(255), primary key (type_party_id))
1731674560382|2|statement|create table type_provision (type_provision_id bigserial not null, name varchar(255), primary key (type_provision_id))
1731674560386|4|statement|create table users (user_id bigserial not null, email varchar(255), family_name varchar(255), name varchar(255), password_hash varchar(255), password_salt varchar(255), username varchar(255), address_id bigint, primary key (user_id))
1731674560391|3|statement|alter table if exists commentaries add constraint FKmqblrvnixyfs2sowkqdho5gtv foreign key (author_id) references users
1731674560392|1|statement|alter table if exists commentaries add constraint FK4w16kqj6nkij4kgohharsbmhq foreign key (user_id) references users
1731674560394|1|statement|alter table if exists interests add constraint FKcpuo6bjfw650v0vsw7eo0akdq foreign key (type_party_id) references type_party
1731674560394|0|statement|alter table if exists interests add constraint FKq9kr60l7n7h3yf82s44rkoe4g foreign key (user_id) references users
1731674560396|0|statement|alter table if exists need_for_party add constraint FKq5sxe37ywn20f562f3x4ox8i2 foreign key (party_id) references party
1731674560397|1|statement|alter table if exists need_for_party add constraint FKa7l7iqbx6jv3atqg711l4skog foreign key (type_provision_id) references type_provision
1731674560398|0|statement|alter table if exists participate add constraint FKfwj4mk1egsivqbtpyqr8mxj7w foreign key (party_id) references party
1731674560399|0|statement|alter table if exists participate add constraint FK9a9rfw7ta48w3s5t6unrbx4hb foreign key (user_id) references users
1731674560400|1|statement|alter table if exists party add constraint FKr3xd5httl0gqasj69pcxv5lf7 foreign key (address_id) references address
1731674560401|0|statement|alter table if exists party add constraint FKps57ooh3ylfkaperh7qewfruc foreign key (type_party_id) references type_party
1731674560403|1|statement|alter table if exists provisions add constraint FK7sknr4o2knscsosg9ikpm962h foreign key (party_id) references party
1731674560404|0|statement|alter table if exists provisions add constraint FK6by31ui332fe0fkjt8mkq9y1u foreign key (type_provision_id) references type_provision
1731674560406|1|statement|alter table if exists provisions add constraint FKm4bloxkrlymru3bctqtqhtsy2 foreign key (user_id) references users
1731674560407|1|statement|alter table if exists users add constraint FKditu6lr4ek16tkxtdsne0gxib foreign key (address_id) references address
1731675990267|4|statement|select * from information_schema.sequences
1731675990310|22|statement|create table address (address_id bigserial not null, city varchar(255), country varchar(255), primary key (address_id))
1731675990317|6|statement|create table commentaries (commentary_id bigserial not null, commentary varchar(255), note integer, author_id bigint not null, user_id bigint not null, primary key (commentary_id))
1731675990324|6|statement|create table interests (user_id bigint not null, type_party_id bigint not null, primary key (user_id, type_party_id))
1731675990331|6|statement|create table need_for_party (type_provision_id bigint not null, party_id bigint not null, primary key (type_provision_id, party_id))
1731675990338|6|statement|create table participate (participate_id bigserial not null, organiser boolean, validation boolean, party_id bigint, user_id bigint, primary key (participate_id))
1731675990349|10|statement|create table party (party_id bigserial not null, date timestamp(6), name varchar(255), number_max_participate integer, price float4, publish boolean, street varchar(255), address_id bigint, type_party_id bigint, primary key (party_id))
1731675990356|6|statement|create table provisions (provision_id bigserial not null, provision varchar(255), party_id bigint, type_provision_id bigint, user_id bigint, primary key (provision_id))
1731675990363|6|statement|create table type_party (type_party_id bigserial not null, name varchar(255), primary key (type_party_id))
1731675990369|6|statement|create table type_provision (type_provision_id bigserial not null, name varchar(255), primary key (type_provision_id))
1731675990382|12|statement|create table users (user_id bigserial not null, email varchar(255), family_name varchar(255), name varchar(255), password_hash varchar(255), password_salt varchar(255), username varchar(255), address_id bigint, primary key (user_id))
1731675990393|10|statement|alter table if exists commentaries add constraint FKmqblrvnixyfs2sowkqdho5gtv foreign key (author_id) references users
1731675990395|1|statement|alter table if exists commentaries add constraint FK4w16kqj6nkij4kgohharsbmhq foreign key (user_id) references users
1731675990398|2|statement|alter table if exists interests add constraint FKcpuo6bjfw650v0vsw7eo0akdq foreign key (type_party_id) references type_party
1731675990401|2|statement|alter table if exists interests add constraint FKq9kr60l7n7h3yf82s44rkoe4g foreign key (user_id) references users
1731675990404|2|statement|alter table if exists need_for_party add constraint FKq5sxe37ywn20f562f3x4ox8i2 foreign key (party_id) references party
1731675990406|1|statement|alter table if exists need_for_party add constraint FKa7l7iqbx6jv3atqg711l4skog foreign key (type_provision_id) references type_provision
1731675990408|1|statement|alter table if exists participate add constraint FKfwj4mk1egsivqbtpyqr8mxj7w foreign key (party_id) references party
1731675990410|1|statement|alter table if exists participate add constraint FK9a9rfw7ta48w3s5t6unrbx4hb foreign key (user_id) references users
1731675990412|1|statement|alter table if exists party add constraint FKr3xd5httl0gqasj69pcxv5lf7 foreign key (address_id) references address
1731675990413|1|statement|alter table if exists party add constraint FKps57ooh3ylfkaperh7qewfruc foreign key (type_party_id) references type_party
1731675990415|1|statement|alter table if exists provisions add constraint FK7sknr4o2knscsosg9ikpm962h foreign key (party_id) references party
1731675990417|1|statement|alter table if exists provisions add constraint FK6by31ui332fe0fkjt8mkq9y1u foreign key (type_provision_id) references type_provision
1731675990420|2|statement|alter table if exists provisions add constraint FKm4bloxkrlymru3bctqtqhtsy2 foreign key (user_id) references users
1731675990422|1|statement|alter table if exists users add constraint FKditu6lr4ek16tkxtdsne0gxib foreign key (address_id) references address
1731676009909|4|statement|select * from information_schema.sequences
1731676009946|0|statement|select * from "public"."users" where 1=0
1731676009953|0|statement|select * from "public"."users" where 1=0
1731676009963|0|statement|select * from "public"."type_party" where 1=0
1731676009967|0|statement|select * from "public"."users" where 1=0
1731676009978|0|statement|select * from "public"."party" where 1=0
1731676009982|0|statement|select * from "public"."type_provision" where 1=0
1731676009993|0|statement|select * from "public"."party" where 1=0
1731676009996|0|statement|select * from "public"."users" where 1=0
1731676010006|0|statement|select * from "public"."address" where 1=0
1731676010010|0|statement|select * from "public"."type_party" where 1=0
1731676010019|0|statement|select * from "public"."party" where 1=0
1731676010020|0|statement|select * from "public"."type_provision" where 1=0
1731676010022|0|statement|select * from "public"."users" where 1=0
1731676010033|0|statement|select * from "public"."address" where 1=0
1731676231842|3|statement|insert into address (city,country) values ('cc','coucou')
1731676231857|1|commit|
1731676239116|0|statement|insert into address (city,country) values ('cc2','coucou2')
1731676239117|0|commit|
1731676242400|0|statement|insert into address (city,country) values ('cc23','coucou23')
1731676242401|0|commit|
1731676248056|1|statement|select a1_0.address_id,a1_0.city,a1_0.country from address a1_0 offset 0 rows fetch first 5 rows only
1731676248064|0|commit|
1731676257615|0|statement|select a1_0.address_id,a1_0.city,a1_0.country from address a1_0 where a1_0.address_id=1
1731676257625|1|statement|delete from address where address_id=1
1731676257627|0|commit|
1731676520401|1|statement|select a1_0.address_id,a1_0.city,a1_0.country from address a1_0 where a1_0.address_id=2
1731676520417|1|statement|update address set city='Coucoucou',country='cccccccccccccccc' where address_id=2
1731676520421|1|commit|
1731676526108|0|statement|select a1_0.address_id,a1_0.city,a1_0.country from address a1_0 where a1_0.address_id=2
1731676526110|0|commit|
1731677812184|4|statement|select * from information_schema.sequences
1731677812219|0|statement|select * from "public"."users" where 1=0
1731677812224|0|statement|select * from "public"."users" where 1=0
1731677812236|0|statement|select * from "public"."type_party" where 1=0
1731677812241|0|statement|select * from "public"."users" where 1=0
1731677812251|0|statement|select * from "public"."party" where 1=0
1731677812256|0|statement|select * from "public"."type_provision" where 1=0
1731677812268|0|statement|select * from "public"."party" where 1=0
1731677812271|0|statement|select * from "public"."users" where 1=0
1731677812280|0|statement|select * from "public"."address" where 1=0
1731677812284|0|statement|select * from "public"."type_party" where 1=0
1731677812293|0|statement|select * from "public"."party" where 1=0
1731677812295|0|statement|select * from "public"."type_provision" where 1=0
1731677812297|0|statement|select * from "public"."users" where 1=0
1731677812307|0|statement|select * from "public"."address" where 1=0
1731677870417|2|statement|select u1_0.user_id,u1_0.address_id,u1_0.email,u1_0.family_name,u1_0.name,u1_0.password_hash,u1_0.password_salt,u1_0.username from users u1_0 where u1_0.user_id=12345
1731677870417|0|commit|
1731677885388|0|statement|select u1_0.user_id,u1_0.address_id,u1_0.email,u1_0.family_name,u1_0.name,u1_0.password_hash,u1_0.password_salt,u1_0.username from users u1_0 where u1_0.user_id=2
1731677885390|0|commit|
1731677930163|1|statement|insert into users (address_id,email,family_name,name,password_hash,password_salt,username) values (NULL,'johndoe@example.com','Doe','John','hashedpassword123','saltedpassword123','johndoe123')
1731677930167|0|statement|insert into type_party (name) values ('Admin')
1731677930168|0|statement|insert into type_party (name) values ('User')
1731677930181|1|statement|insert into interests (user_id,type_party_id) values (1,1)
1731677930182|1|statement|insert into interests (user_id,type_party_id) values (1,2)
1731677930183|0|commit|
1731677945593|0|statement|select u1_0.user_id,u1_0.address_id,u1_0.email,u1_0.family_name,u1_0.name,u1_0.password_hash,u1_0.password_salt,u1_0.username from users u1_0 where u1_0.user_id=1
1731677945601|0|commit|
1731677945609|0|statement|select u1_0.user_id,u1_0.address_id,u1_0.email,u1_0.family_name,u1_0.name,u1_0.password_hash,u1_0.password_salt,u1_0.username from users u1_0 where u1_0.user_id=67890
1731677945609|0|commit|
1731677962539|0|statement|select u1_0.user_id,u1_0.address_id,u1_0.email,u1_0.family_name,u1_0.name,u1_0.password_hash,u1_0.password_salt,u1_0.username from users u1_0 where u1_0.user_id=1
1731677962540|0|commit|
1731677962542|0|commit|
1731677962546|2|statement|insert into commentaries (author_id,commentary,note,user_id) values (1,'This is a great product! I would highly recommend it to others.',5,1)
1731677962550|2|commit|
1731677984436|0|statement|select c1_0.commentary_id,c1_0.author_id,c1_0.commentary,c1_0.note,c1_0.user_id from commentaries c1_0
1731677984437|0|statement|select u1_0.user_id,u1_0.address_id,u1_0.email,u1_0.family_name,u1_0.name,u1_0.password_hash,u1_0.password_salt,u1_0.username from users u1_0 where u1_0.user_id=1
1731677984438|0|commit|
1731678382044|4|statement|select * from information_schema.sequences
1731678382074|10|statement|alter table if exists commentaries add column created_at timestamp(6) not null
1731678382099|0|statement|select * from "public"."users" where 1=0
1731678382107|0|statement|select * from "public"."users" where 1=0
1731678382119|0|statement|select * from "public"."type_party" where 1=0
1731678382123|0|statement|select * from "public"."users" where 1=0
1731678382134|0|statement|select * from "public"."party" where 1=0
1731678382139|0|statement|select * from "public"."type_provision" where 1=0
1731678382151|0|statement|select * from "public"."party" where 1=0
1731678382154|0|statement|select * from "public"."users" where 1=0
1731678382164|0|statement|select * from "public"."address" where 1=0
1731678382167|0|statement|select * from "public"."type_party" where 1=0
1731678382176|0|statement|select * from "public"."party" where 1=0
1731678382178|0|statement|select * from "public"."type_provision" where 1=0
1731678382180|0|statement|select * from "public"."users" where 1=0
1731678382189|0|statement|select * from "public"."address" where 1=0
1731678448141|3|statement|select * from information_schema.sequences
1731678448170|16|statement|create table address (address_id bigserial not null, city varchar(255), country varchar(255), primary key (address_id))
1731678448177|6|statement|create table commentaries (commentary_id bigserial not null, commentary varchar(255), created_at timestamp(6) not null, note integer, author_id bigint not null, user_id bigint not null, primary key (commentary_id))
1731678448183|5|statement|create table interests (user_id bigint not null, type_party_id bigint not null, primary key (user_id, type_party_id))
1731678448189|5|statement|create table need_for_party (type_provision_id bigint not null, party_id bigint not null, primary key (type_provision_id, party_id))
1731678448198|7|statement|create table participate (participate_id bigserial not null, organiser boolean, validation boolean, party_id bigint, user_id bigint, primary key (participate_id))
1731678448212|12|statement|create table party (party_id bigserial not null, date timestamp(6), name varchar(255), number_max_participate integer, price float4, publish boolean, street varchar(255), address_id bigint, type_party_id bigint, primary key (party_id))
1731678448221|7|statement|create table provisions (provision_id bigserial not null, provision varchar(255), party_id bigint, type_provision_id bigint, user_id bigint, primary key (provision_id))
1731678448231|8|statement|create table type_party (type_party_id bigserial not null, name varchar(255), primary key (type_party_id))
1731678448238|7|statement|create table type_provision (type_provision_id bigserial not null, name varchar(255), primary key (type_provision_id))
1731678448254|13|statement|create table users (user_id bigserial not null, email varchar(255), family_name varchar(255), name varchar(255), password_hash varchar(255), password_salt varchar(255), username varchar(255), address_id bigint, primary key (user_id))
1731678448262|6|statement|alter table if exists commentaries add constraint FKmqblrvnixyfs2sowkqdho5gtv foreign key (author_id) references users
1731678448264|1|statement|alter table if exists commentaries add constraint FK4w16kqj6nkij4kgohharsbmhq foreign key (user_id) references users
1731678448268|2|statement|alter table if exists interests add constraint FKcpuo6bjfw650v0vsw7eo0akdq foreign key (type_party_id) references type_party
1731678448270|1|statement|alter table if exists interests add constraint FKq9kr60l7n7h3yf82s44rkoe4g foreign key (user_id) references users
1731678448272|1|statement|alter table if exists need_for_party add constraint FKq5sxe37ywn20f562f3x4ox8i2 foreign key (party_id) references party
1731678448273|1|statement|alter table if exists need_for_party add constraint FKa7l7iqbx6jv3atqg711l4skog foreign key (type_provision_id) references type_provision
1731678448275|1|statement|alter table if exists participate add constraint FKfwj4mk1egsivqbtpyqr8mxj7w foreign key (party_id) references party
1731678448276|1|statement|alter table if exists participate add constraint FK9a9rfw7ta48w3s5t6unrbx4hb foreign key (user_id) references users
1731678448278|1|statement|alter table if exists party add constraint FKr3xd5httl0gqasj69pcxv5lf7 foreign key (address_id) references address
1731678448279|1|statement|alter table if exists party add constraint FKps57ooh3ylfkaperh7qewfruc foreign key (type_party_id) references type_party
1731678448280|1|statement|alter table if exists provisions add constraint FK7sknr4o2knscsosg9ikpm962h foreign key (party_id) references party
1731678448282|1|statement|alter table if exists provisions add constraint FK6by31ui332fe0fkjt8mkq9y1u foreign key (type_provision_id) references type_provision
1731678448284|1|statement|alter table if exists provisions add constraint FKm4bloxkrlymru3bctqtqhtsy2 foreign key (user_id) references users
1731678448286|1|statement|alter table if exists users add constraint FKditu6lr4ek16tkxtdsne0gxib foreign key (address_id) references address
1731678491050|2|statement|insert into users (address_id,email,family_name,name,password_hash,password_salt,username) values (NULL,'johndoe@example.com','Doe','John','hashedpassword123','saltedpassword123','johndoe123')
1731678491059|0|statement|insert into type_party (name) values ('Admin')
1731678491060|0|statement|insert into type_party (name) values ('User')
1731678491077|1|statement|insert into interests (user_id,type_party_id) values (1,1)
1731678491077|0|statement|insert into interests (user_id,type_party_id) values (1,2)
1731678491080|0|commit|
1731678991028|0|statement|insert into users (address_id,email,family_name,name,password_hash,password_salt,username) values (NULL,'johndoe@example.com','Doe','John','hashedpassword123','saltedpassword123','johndoe123')
1731678991028|0|statement|insert into type_party (name) values ('Admin')
1731678991033|0|statement|insert into type_party (name) values ('User')
1731678991033|0|statement|insert into interests (user_id,type_party_id) values (2,3)
1731678991036|0|statement|insert into interests (user_id,type_party_id) values (2,4)
1731678991036|0|commit|
1731679228153|1|statement|select u1_0.user_id,u1_0.address_id,u1_0.email,u1_0.family_name,u1_0.name,u1_0.password_hash,u1_0.password_salt,u1_0.username from users u1_0 where u1_0.user_id=1
1731679228171|0|commit|
1731679228172|0|commit|
1731679228185|5|statement|insert into commentaries (author_id,commentary,created_at,note,user_id) values (1,'This is a great product! I would highly recommend it to others.','2024-11-15T15:00:28.172+0100',5,1)
1731679228185|1|commit|
1731681560576|0|statement|select c1_0.commentary_id,c1_0.author_id,c1_0.commentary,c1_0.created_at,c1_0.note,c1_0.user_id from commentaries c1_0
1731681560578|0|statement|select u1_0.user_id,u1_0.address_id,u1_0.email,u1_0.family_name,u1_0.name,u1_0.password_hash,u1_0.password_salt,u1_0.username from users u1_0 where u1_0.user_id=1
1731681560579|0|commit|
1731681604810|0|statement|select u1_0.user_id,u1_0.address_id,u1_0.email,u1_0.family_name,u1_0.name,u1_0.password_hash,u1_0.password_salt,u1_0.username from users u1_0 where u1_0.user_id=12345
1731681604815|0|commit|
1731681617862|0|statement|select u1_0.user_id,u1_0.address_id,u1_0.email,u1_0.family_name,u1_0.name,u1_0.password_hash,u1_0.password_salt,u1_0.username from users u1_0 where u1_0.user_id=1
1731681617863|0|commit|
1731681617863|0|commit|
1731681617864|0|statement|insert into commentaries (author_id,commentary,created_at,note,user_id) values (1,'This teabag is excellent! I love the taste and the color it gives to my tea.','2024-11-15T15:40:17.863+0100',5,1)
1731681617865|0|commit|
1731681635894|0|statement|select u1_0.user_id,u1_0.address_id,u1_0.email,u1_0.family_name,u1_0.name,u1_0.password_hash,u1_0.password_salt,u1_0.username from users u1_0 where u1_0.user_id=1
1731681635895|0|commit|
1731681635895|0|commit|
1731681635897|0|statement|insert into commentaries (author_id,commentary,created_at,note,user_id) values (1,'This teabag is excellent! I love the taste and the color it gives to my tea.','2024-11-15T15:40:35.895+0100',5,1)
1731681635897|0|commit|
1731681847354|4|statement|select * from information_schema.sequences
1731681847392|0|statement|select * from "public"."users" where 1=0
1731681847398|0|statement|select * from "public"."users" where 1=0
1731681847409|0|statement|select * from "public"."type_party" where 1=0
1731681847412|0|statement|select * from "public"."users" where 1=0
1731681847423|0|statement|select * from "public"."party" where 1=0
1731681847427|0|statement|select * from "public"."type_provision" where 1=0
1731681847443|0|statement|select * from "public"."party" where 1=0
1731681847445|0|statement|select * from "public"."users" where 1=0
1731681847455|0|statement|select * from "public"."address" where 1=0
1731681847458|0|statement|select * from "public"."type_party" where 1=0
1731681847468|0|statement|select * from "public"."party" where 1=0
1731681847469|0|statement|select * from "public"."type_provision" where 1=0
1731681847471|0|statement|select * from "public"."users" where 1=0
1731681847480|0|statement|select * from "public"."address" where 1=0
1733921457899|11|statement|select * from information_schema.sequences
1733921457968|1|statement|select * from "public"."users" where 1=0
1733921457975|0|statement|select * from "public"."users" where 1=0
1733921457993|1|statement|select * from "public"."type_party" where 1=0
1733921457997|0|statement|select * from "public"."users" where 1=0
1733921458011|1|statement|select * from "public"."party" where 1=0
1733921458016|1|statement|select * from "public"."type_provision" where 1=0
1733921458028|0|statement|select * from "public"."party" where 1=0
1733921458031|0|statement|select * from "public"."users" where 1=0
1733921458042|1|statement|select * from "public"."address" where 1=0
1733921458046|0|statement|select * from "public"."type_party" where 1=0
1733921458056|0|statement|select * from "public"."party" where 1=0
1733921458058|0|statement|select * from "public"."type_provision" where 1=0
1733921458060|1|statement|select * from "public"."users" where 1=0
1733921458072|0|statement|select * from "public"."address" where 1=0
1733921529729|2|statement|select c1_0.commentary_id,c1_0.author_id,c1_0.commentary,c1_0.created_at,c1_0.note,c1_0.user_id from commentaries c1_0
1733921529753|1|statement|select u1_0.user_id,u1_0.address_id,u1_0.email,u1_0.family_name,u1_0.name,u1_0.password_hash,u1_0.password_salt,u1_0.username from users u1_0 where u1_0.user_id=1
1733921529788|1|commit|
1733921544631|1|statement|select count(*) from commentaries c1_0 where c1_0.commentary_id=1
1733921544633|0|commit|
1733921544643|1|statement|select c1_0.commentary_id,c1_0.author_id,a1_0.user_id,a1_0.address_id,a1_0.email,a1_0.family_name,a1_0.name,a1_0.password_hash,a1_0.password_salt,a1_0.username,c1_0.commentary,c1_0.created_at,c1_0.note,c1_0.user_id,t1_0.user_id,t1_0.address_id,t1_0.email,t1_0.family_name,t1_0.name,t1_0.password_hash,t1_0.password_salt,t1_0.username from commentaries c1_0 join users a1_0 on a1_0.user_id=c1_0.author_id join users t1_0 on t1_0.user_id=c1_0.user_id where c1_0.commentary_id=1
1733921544695|3|statement|delete from commentaries where commentary_id=1
1733921544699|1|commit|
1733921714466|1|statement|select c1_0.commentary_id,c1_0.author_id,a1_0.user_id,a1_0.address_id,a1_0.email,a1_0.family_name,a1_0.name,a1_0.password_hash,a1_0.password_salt,a1_0.username,c1_0.commentary,c1_0.created_at,c1_0.note,c1_0.user_id,t1_0.user_id,t1_0.address_id,t1_0.email,t1_0.family_name,t1_0.name,t1_0.password_hash,t1_0.password_salt,t1_0.username from commentaries c1_0 join users a1_0 on a1_0.user_id=c1_0.author_id join users t1_0 on t1_0.user_id=c1_0.user_id where c1_0.commentary_id=2
1733921714468|0|commit|
1733921714470|0|statement|select u1_0.user_id,u1_0.address_id,u1_0.email,u1_0.family_name,u1_0.name,u1_0.password_hash,u1_0.password_salt,u1_0.username from users u1_0 where u1_0.user_id=12345
1733921714471|0|commit|
1733921774665|0|statement|select c1_0.commentary_id,c1_0.author_id,a1_0.user_id,a1_0.address_id,a1_0.email,a1_0.family_name,a1_0.name,a1_0.password_hash,a1_0.password_salt,a1_0.username,c1_0.commentary,c1_0.created_at,c1_0.note,c1_0.user_id,t1_0.user_id,t1_0.address_id,t1_0.email,t1_0.family_name,t1_0.name,t1_0.password_hash,t1_0.password_salt,t1_0.username from commentaries c1_0 join users a1_0 on a1_0.user_id=c1_0.author_id join users t1_0 on t1_0.user_id=c1_0.user_id where c1_0.commentary_id=2
1733921774665|0|commit|
1733921774666|0|statement|select u1_0.user_id,u1_0.address_id,u1_0.email,u1_0.family_name,u1_0.name,u1_0.password_hash,u1_0.password_salt,u1_0.username from users u1_0 where u1_0.user_id=12345
1733921774667|0|commit|
1733921780265|0|statement|select c1_0.commentary_id,c1_0.author_id,a1_0.user_id,a1_0.address_id,a1_0.email,a1_0.family_name,a1_0.name,a1_0.password_hash,a1_0.password_salt,a1_0.username,c1_0.commentary,c1_0.created_at,c1_0.note,c1_0.user_id,t1_0.user_id,t1_0.address_id,t1_0.email,t1_0.family_name,t1_0.name,t1_0.password_hash,t1_0.password_salt,t1_0.username from commentaries c1_0 join users a1_0 on a1_0.user_id=c1_0.author_id join users t1_0 on t1_0.user_id=c1_0.user_id where c1_0.commentary_id=2
1733921780266|0|commit|
1733921780266|0|commit|
1733921780267|0|statement|select u1_0.user_id,u1_0.address_id,u1_0.email,u1_0.family_name,u1_0.name,u1_0.password_hash,u1_0.password_salt,u1_0.username from users u1_0 where u1_0.user_id=2
1733921780268|0|commit|
1733921780279|1|statement|update commentaries set author_id=1,commentary='Great work on the recent project! Very detailed and thorough.',note=1,user_id=2 where commentary_id=2
1733921780281|0|commit|
